# JRE version: Java(TM) SE Runtime Environment (11.0.3+12) (build 11.0.3+12-LTS)
# Java VM: Java HotSpot(TM) 64-Bit Server VM (11.0.3+12-LTS, mixed mode, tiered, compressed oops, g1 gc, windows-amd64)
Heap:
 garbage-first heap   total 155648K, used 32668K [0x0000000082600000, 0x0000000100000000)
  region size 1024K, 23 young (23552K), 11 survivors (11264K)
 Metaspace       used 57677K, capacity 58878K, committed 59136K, reserved 1101824K
  class space    used 6849K, capacity 7312K, committed 7424K, reserved 1048576K
GC Heap History (10 events):
Event: 1.691 GC heap before
{Heap before GC invocations=3 (full 0):
 garbage-first heap   total 129024K, used 42027K [0x0000000082600000, 0x0000000100000000)
  region size 1024K, 39 young (39936K), 6 survivors (6144K)
 Metaspace       used 24086K, capacity 24724K, committed 24832K, reserved 1071104K
  class space    used 2804K, capacity 3030K, committed 3072K, reserved 1048576K
}
Event: 1.697 GC heap after
{Heap after GC invocations=4 (full 0):
 garbage-first heap   total 129024K, used 10781K [0x0000000082600000, 0x0000000100000000)
  region size 1024K, 4 young (4096K), 4 survivors (4096K)
 Metaspace       used 24086K, capacity 24724K, committed 24832K, reserved 1071104K
  class space    used 2804K, capacity 3030K, committed 3072K, reserved 1048576K
}
Event: 1.885 GC heap before
{Heap before GC invocations=4 (full 0):
 garbage-first heap   total 129024K, used 75293K [0x0000000082600000, 0x0000000100000000)
  region size 1024K, 68 young (69632K), 4 survivors (4096K)
 Metaspace       used 28410K, capacity 29079K, committed 29184K, reserved 1075200K
  class space    used 3302K, capacity 3569K, committed 3584K, reserved 1048576K
}
Event: 1.891 GC heap after
{Heap after GC invocations=5 (full 0):
 garbage-first heap   total 129024K, used 11986K [0x0000000082600000, 0x0000000100000000)
  region size 1024K, 5 young (5120K), 5 survivors (5120K)
 Metaspace       used 28410K, capacity 29079K, committed 29184K, reserved 1075200K
  class space    used 3302K, capacity 3569K, committed 3584K, reserved 1048576K
}
Event: 2.681 GC heap before
{Heap before GC invocations=5 (full 0):
 garbage-first heap   total 129024K, used 69330K [0x0000000082600000, 0x0000000100000000)
  region size 1024K, 62 young (63488K), 5 survivors (5120K)
 Metaspace       used 34765K, capacity 35713K, committed 35840K, reserved 1081344K
  class space    used 4130K, capacity 4481K, committed 4608K, reserved 1048576K
}
Event: 2.695 GC heap after
{Heap after GC invocations=6 (full 0):
 garbage-first heap   total 155648K, used 14435K [0x0000000082600000, 0x0000000100000000)
  region size 1024K, 8 young (8192K), 8 survivors (8192K)
 Metaspace       used 34765K, capacity 35713K, committed 35840K, reserved 1081344K
  class space    used 4130K, capacity 4481K, committed 4608K, reserved 1048576K
}
Event: 3.439 GC heap before
{Heap before GC invocations=7 (full 0):
 garbage-first heap   total 155648K, used 92259K [0x0000000082600000, 0x0000000100000000)
  region size 1024K, 85 young (87040K), 8 survivors (8192K)
 Metaspace       used 39341K, capacity 40489K, committed 40832K, reserved 1085440K
  class space    used 4690K, capacity 5134K, committed 5248K, reserved 1048576K
}
Event: 3.447 GC heap after
{Heap after GC invocations=8 (full 0):
 garbage-first heap   total 155648K, used 16891K [0x0000000082600000, 0x0000000100000000)
  region size 1024K, 8 young (8192K), 8 survivors (8192K)
 Metaspace       used 39341K, capacity 40489K, committed 40832K, reserved 1085440K
  class space    used 4690K, capacity 5134K, committed 5248K, reserved 1048576K
}
Event: 4.932 GC heap before
{Heap before GC invocations=8 (full 0):
 garbage-first heap   total 155648K, used 101883K [0x0000000082600000, 0x0000000100000000)
  region size 1024K, 91 young (93184K), 8 survivors (8192K)
 Metaspace       used 55528K, capacity 56816K, committed 57088K, reserved 1099776K
  class space    used 6563K, capacity 7051K, committed 7168K, reserved 1048576K
}
Event: 4.945 GC heap after
{Heap after GC invocations=9 (full 0):
 garbage-first heap   total 155648K, used 21404K [0x0000000082600000, 0x0000000100000000)
  region size 1024K, 11 young (11264K), 11 survivors (11264K)
 Metaspace       used 55528K, capacity 56816K, committed 57088K, reserved 1099776K
  class space    used 6563K, capacity 7051K, committed 7168K, reserved 1048576K
}

